<?xml version="1.0" encoding="UTF-8"?>
<!-- Generated by org.testng.reporters.JUnitXMLReporter -->
<testsuite ignored="0" hostname="DESKTOP-75380HS" failures="0" tests="3" name="Test" time="53.409" errors="0" timestamp="27 Aug 2022 04:57:58 GMT">
  <testcase classname="com.tmb.tests.LoginPageTests" name="Test1" time="10.677"/>
  <testcase classname="com.tmb.tests.LoginPageTests" name="Test2" time="19.581"/>
  <testcase classname="com.tmb.tests.HomePageTests" name="Test3" time="5.473"/>
</testsuite> <!-- Test -->
