<?xml version="1.0" encoding="UTF-8"?>
<testng-results ignored="0" total="1" passed="1" failed="0" skipped="0">
  <reporter-output>
  </reporter-output>
  <suite started-at="2022-08-27T05:12:53Z" name="Default suite" finished-at="2022-08-27T05:12:53Z" duration-ms="161">
    <groups>
    </groups>
    <test started-at="2022-08-27T05:12:53Z" name="Default test" finished-at="2022-08-27T05:12:53Z" duration-ms="161">
      <class name="com.tmb.tests.AssertJDemo">
        <test-method signature="stringTest()[pri:0, instance:com.tmb.tests.AssertJDemo@6d026701]" started-at="2022-08-27T05:12:53Z" name="stringTest" finished-at="2022-08-27T05:12:53Z" duration-ms="135" status="PASS">
          <reporter-output>
          </reporter-output>
        </test-method> <!-- stringTest -->
      </class> <!-- com.tmb.tests.AssertJDemo -->
    </test> <!-- Default test -->
  </suite> <!-- Default suite -->
</testng-results>
